20-Mar-2019 08:50:06.905 INFO [main] org.apache.catalina.startup.VersionLoggerListener.log Server version name:   Apache Tomcat/9.0.16
20-Mar-2019 08:50:06.916 INFO [main] org.apache.catalina.startup.VersionLoggerListener.log Server built:          Feb 4 2019 16:30:29 UTC
20-Mar-2019 08:50:06.916 INFO [main] org.apache.catalina.startup.VersionLoggerListener.log Server version number: 9.0.16.0
20-Mar-2019 08:50:06.917 INFO [main] org.apache.catalina.startup.VersionLoggerListener.log OS Name:               Mac OS X
20-Mar-2019 08:50:06.917 INFO [main] org.apache.catalina.startup.VersionLoggerListener.log OS Version:            10.14.3
20-Mar-2019 08:50:06.917 INFO [main] org.apache.catalina.startup.VersionLoggerListener.log Architecture:          x86_64
20-Mar-2019 08:50:06.917 INFO [main] org.apache.catalina.startup.VersionLoggerListener.log Java Home:             /Library/Java/JavaVirtualMachines/jdk-11.0.2.jdk/Contents/Home
20-Mar-2019 08:50:06.918 INFO [main] org.apache.catalina.startup.VersionLoggerListener.log JVM Version:           11.0.2+9-LTS
20-Mar-2019 08:50:06.918 INFO [main] org.apache.catalina.startup.VersionLoggerListener.log JVM Vendor:            Oracle Corporation
20-Mar-2019 08:50:06.918 INFO [main] org.apache.catalina.startup.VersionLoggerListener.log CATALINA_BASE:         /Users/theophiluskwek/Documents/myWebProject/tomcat
20-Mar-2019 08:50:06.919 INFO [main] org.apache.catalina.startup.VersionLoggerListener.log CATALINA_HOME:         /Users/theophiluskwek/Documents/myWebProject/tomcat
20-Mar-2019 08:50:06.921 INFO [main] org.apache.catalina.startup.VersionLoggerListener.log Command line argument: --add-opens=java.base/java.lang=ALL-UNNAMED
20-Mar-2019 08:50:06.922 INFO [main] org.apache.catalina.startup.VersionLoggerListener.log Command line argument: --add-opens=java.base/java.io=ALL-UNNAMED
20-Mar-2019 08:50:06.922 INFO [main] org.apache.catalina.startup.VersionLoggerListener.log Command line argument: --add-opens=java.rmi/sun.rmi.transport=ALL-UNNAMED
20-Mar-2019 08:50:06.922 INFO [main] org.apache.catalina.startup.VersionLoggerListener.log Command line argument: -Djava.util.logging.config.file=/Users/theophiluskwek/documents/myWebProject/tomcat/conf/logging.properties
20-Mar-2019 08:50:06.923 INFO [main] org.apache.catalina.startup.VersionLoggerListener.log Command line argument: -Djava.util.logging.manager=org.apache.juli.ClassLoaderLogManager
20-Mar-2019 08:50:06.923 INFO [main] org.apache.catalina.startup.VersionLoggerListener.log Command line argument: -Djdk.tls.ephemeralDHKeySize=2048
20-Mar-2019 08:50:06.923 INFO [main] org.apache.catalina.startup.VersionLoggerListener.log Command line argument: -Djava.protocol.handler.pkgs=org.apache.catalina.webresources
20-Mar-2019 08:50:06.923 INFO [main] org.apache.catalina.startup.VersionLoggerListener.log Command line argument: -Dorg.apache.catalina.security.SecurityListener.UMASK=0027
20-Mar-2019 08:50:06.924 INFO [main] org.apache.catalina.startup.VersionLoggerListener.log Command line argument: -Dignore.endorsed.dirs=
20-Mar-2019 08:50:06.924 INFO [main] org.apache.catalina.startup.VersionLoggerListener.log Command line argument: -Dcatalina.base=/Users/theophiluskwek/documents/myWebProject/tomcat
20-Mar-2019 08:50:06.924 INFO [main] org.apache.catalina.startup.VersionLoggerListener.log Command line argument: -Dcatalina.home=/Users/theophiluskwek/documents/myWebProject/tomcat
20-Mar-2019 08:50:06.924 INFO [main] org.apache.catalina.startup.VersionLoggerListener.log Command line argument: -Djava.io.tmpdir=/Users/theophiluskwek/documents/myWebProject/tomcat/temp
20-Mar-2019 08:50:06.925 INFO [main] org.apache.catalina.core.AprLifecycleListener.lifecycleEvent The APR based Apache Tomcat Native library which allows optimal performance in production environments was not found on the java.library.path: [/Users/theophiluskwek/Library/Java/Extensions:/Library/Java/Extensions:/Network/Library/Java/Extensions:/System/Library/Java/Extensions:/usr/lib/java:.]
20-Mar-2019 08:50:06.979 INFO [main] org.apache.coyote.AbstractProtocol.init Initializing ProtocolHandler ["http-nio-9999"]
20-Mar-2019 08:50:07.032 INFO [main] org.apache.coyote.AbstractProtocol.init Initializing ProtocolHandler ["ajp-nio-8009"]
20-Mar-2019 08:50:07.034 INFO [main] org.apache.catalina.startup.Catalina.load Server initialization in [669] milliseconds
20-Mar-2019 08:50:07.094 INFO [main] org.apache.catalina.core.StandardService.startInternal Starting service [Catalina]
20-Mar-2019 08:50:07.094 INFO [main] org.apache.catalina.core.StandardEngine.startInternal Starting Servlet engine: [Apache Tomcat/9.0.16]
20-Mar-2019 08:50:07.103 INFO [main] org.apache.catalina.startup.HostConfig.deployDirectory Deploying web application directory [/Users/theophiluskwek/Documents/myWebProject/tomcat/webapps/ebookshop]
20-Mar-2019 08:50:07.671 INFO [main] org.apache.jasper.servlet.TldScanner.scanJars At least one JAR was scanned for TLDs yet contained no TLDs. Enable debug logging for this logger for a complete list of JARs that were scanned but no TLDs were found in them. Skipping unneeded JARs during scanning can improve startup time and JSP compilation time.
20-Mar-2019 08:50:07.717 INFO [main] org.apache.catalina.startup.HostConfig.deployDirectory Deployment of web application directory [/Users/theophiluskwek/Documents/myWebProject/tomcat/webapps/ebookshop] has finished in [614] ms
20-Mar-2019 08:50:07.718 INFO [main] org.apache.catalina.startup.HostConfig.deployDirectory Deploying web application directory [/Users/theophiluskwek/Documents/myWebProject/tomcat/webapps/docs]
20-Mar-2019 08:50:07.901 INFO [main] org.apache.jasper.servlet.TldScanner.scanJars At least one JAR was scanned for TLDs yet contained no TLDs. Enable debug logging for this logger for a complete list of JARs that were scanned but no TLDs were found in them. Skipping unneeded JARs during scanning can improve startup time and JSP compilation time.
20-Mar-2019 08:50:07.903 INFO [main] org.apache.catalina.startup.HostConfig.deployDirectory Deployment of web application directory [/Users/theophiluskwek/Documents/myWebProject/tomcat/webapps/docs] has finished in [186] ms
20-Mar-2019 08:50:07.903 INFO [main] org.apache.catalina.startup.HostConfig.deployDirectory Deploying web application directory [/Users/theophiluskwek/Documents/myWebProject/tomcat/webapps/manager]
20-Mar-2019 08:50:08.112 INFO [main] org.apache.jasper.servlet.TldScanner.scanJars At least one JAR was scanned for TLDs yet contained no TLDs. Enable debug logging for this logger for a complete list of JARs that were scanned but no TLDs were found in them. Skipping unneeded JARs during scanning can improve startup time and JSP compilation time.
20-Mar-2019 08:50:08.119 INFO [main] org.apache.catalina.startup.HostConfig.deployDirectory Deployment of web application directory [/Users/theophiluskwek/Documents/myWebProject/tomcat/webapps/manager] has finished in [215] ms
20-Mar-2019 08:50:08.119 INFO [main] org.apache.catalina.startup.HostConfig.deployDirectory Deploying web application directory [/Users/theophiluskwek/Documents/myWebProject/tomcat/webapps/examples]
20-Mar-2019 08:50:08.481 INFO [main] org.apache.jasper.servlet.TldScanner.scanJars At least one JAR was scanned for TLDs yet contained no TLDs. Enable debug logging for this logger for a complete list of JARs that were scanned but no TLDs were found in them. Skipping unneeded JARs during scanning can improve startup time and JSP compilation time.
20-Mar-2019 08:50:08.500 INFO [main] org.apache.catalina.startup.HostConfig.deployDirectory Deployment of web application directory [/Users/theophiluskwek/Documents/myWebProject/tomcat/webapps/examples] has finished in [381] ms
20-Mar-2019 08:50:08.501 INFO [main] org.apache.catalina.startup.HostConfig.deployDirectory Deploying web application directory [/Users/theophiluskwek/Documents/myWebProject/tomcat/webapps/ROOT]
20-Mar-2019 08:50:08.676 INFO [main] org.apache.jasper.servlet.TldScanner.scanJars At least one JAR was scanned for TLDs yet contained no TLDs. Enable debug logging for this logger for a complete list of JARs that were scanned but no TLDs were found in them. Skipping unneeded JARs during scanning can improve startup time and JSP compilation time.
20-Mar-2019 08:50:08.678 INFO [main] org.apache.catalina.startup.HostConfig.deployDirectory Deployment of web application directory [/Users/theophiluskwek/Documents/myWebProject/tomcat/webapps/ROOT] has finished in [177] ms
20-Mar-2019 08:50:08.679 INFO [main] org.apache.catalina.startup.HostConfig.deployDirectory Deploying web application directory [/Users/theophiluskwek/Documents/myWebProject/tomcat/webapps/hello]
20-Mar-2019 08:50:08.858 INFO [main] org.apache.jasper.servlet.TldScanner.scanJars At least one JAR was scanned for TLDs yet contained no TLDs. Enable debug logging for this logger for a complete list of JARs that were scanned but no TLDs were found in them. Skipping unneeded JARs during scanning can improve startup time and JSP compilation time.
20-Mar-2019 08:50:08.867 INFO [main] org.apache.catalina.startup.HostConfig.deployDirectory Deployment of web application directory [/Users/theophiluskwek/Documents/myWebProject/tomcat/webapps/hello] has finished in [188] ms
20-Mar-2019 08:50:08.868 INFO [main] org.apache.catalina.startup.HostConfig.deployDirectory Deploying web application directory [/Users/theophiluskwek/Documents/myWebProject/tomcat/webapps/host-manager]
20-Mar-2019 08:50:09.143 INFO [main] org.apache.jasper.servlet.TldScanner.scanJars At least one JAR was scanned for TLDs yet contained no TLDs. Enable debug logging for this logger for a complete list of JARs that were scanned but no TLDs were found in them. Skipping unneeded JARs during scanning can improve startup time and JSP compilation time.
20-Mar-2019 08:50:09.146 INFO [main] org.apache.catalina.startup.HostConfig.deployDirectory Deployment of web application directory [/Users/theophiluskwek/Documents/myWebProject/tomcat/webapps/host-manager] has finished in [278] ms
20-Mar-2019 08:50:09.151 INFO [main] org.apache.coyote.AbstractProtocol.start Starting ProtocolHandler ["http-nio-9999"]
20-Mar-2019 08:50:09.158 INFO [main] org.apache.coyote.AbstractProtocol.start Starting ProtocolHandler ["ajp-nio-8009"]
20-Mar-2019 08:50:09.160 INFO [main] org.apache.catalina.startup.Catalina.start Server startup in [2,125] milliseconds
20-Mar-2019 09:01:00.296 INFO [Catalina-utility-1] org.apache.catalina.startup.HostConfig.undeploy Undeploying context [/ebookshop]
20-Mar-2019 09:02:30.403 INFO [Catalina-utility-1] org.apache.catalina.startup.HostConfig.deployDirectory Deploying web application directory [/Users/theophiluskwek/Documents/myWebProject/tomcat/webapps/ebookshop]
20-Mar-2019 09:02:30.571 INFO [Catalina-utility-1] org.apache.jasper.servlet.TldScanner.scanJars At least one JAR was scanned for TLDs yet contained no TLDs. Enable debug logging for this logger for a complete list of JARs that were scanned but no TLDs were found in them. Skipping unneeded JARs during scanning can improve startup time and JSP compilation time.
20-Mar-2019 09:02:30.573 INFO [Catalina-utility-1] org.apache.catalina.startup.HostConfig.deployDirectory Deployment of web application directory [/Users/theophiluskwek/Documents/myWebProject/tomcat/webapps/ebookshop] has finished in [170] ms
20-Mar-2019 09:06:16.984 INFO [Thread-4] org.apache.coyote.AbstractProtocol.pause Pausing ProtocolHandler ["http-nio-9999"]
20-Mar-2019 09:06:16.993 INFO [Thread-4] org.apache.coyote.AbstractProtocol.pause Pausing ProtocolHandler ["ajp-nio-8009"]
20-Mar-2019 09:06:17.001 INFO [Thread-4] org.apache.catalina.core.StandardService.stopInternal Stopping service [Catalina]
20-Mar-2019 09:06:17.050 INFO [Thread-4] org.apache.coyote.AbstractProtocol.stop Stopping ProtocolHandler ["http-nio-9999"]
20-Mar-2019 09:06:17.054 INFO [Thread-4] org.apache.coyote.AbstractProtocol.stop Stopping ProtocolHandler ["ajp-nio-8009"]
20-Mar-2019 09:06:17.057 INFO [Thread-4] org.apache.coyote.AbstractProtocol.destroy Destroying ProtocolHandler ["http-nio-9999"]
20-Mar-2019 09:06:17.058 INFO [Thread-4] org.apache.coyote.AbstractProtocol.destroy Destroying ProtocolHandler ["ajp-nio-8009"]
