19-Mar-2019 00:13:44.305 INFO [main] org.apache.catalina.startup.VersionLoggerListener.log Server version name:   Apache Tomcat/9.0.16
19-Mar-2019 00:13:44.309 INFO [main] org.apache.catalina.startup.VersionLoggerListener.log Server built:          Feb 4 2019 16:30:29 UTC
19-Mar-2019 00:13:44.310 INFO [main] org.apache.catalina.startup.VersionLoggerListener.log Server version number: 9.0.16.0
19-Mar-2019 00:13:44.310 INFO [main] org.apache.catalina.startup.VersionLoggerListener.log OS Name:               Mac OS X
19-Mar-2019 00:13:44.310 INFO [main] org.apache.catalina.startup.VersionLoggerListener.log OS Version:            10.14.3
19-Mar-2019 00:13:44.310 INFO [main] org.apache.catalina.startup.VersionLoggerListener.log Architecture:          x86_64
19-Mar-2019 00:13:44.310 INFO [main] org.apache.catalina.startup.VersionLoggerListener.log Java Home:             /Library/Java/JavaVirtualMachines/jdk-11.0.2.jdk/Contents/Home
19-Mar-2019 00:13:44.311 INFO [main] org.apache.catalina.startup.VersionLoggerListener.log JVM Version:           11.0.2+9-LTS
19-Mar-2019 00:13:44.311 INFO [main] org.apache.catalina.startup.VersionLoggerListener.log JVM Vendor:            Oracle Corporation
19-Mar-2019 00:13:44.311 INFO [main] org.apache.catalina.startup.VersionLoggerListener.log CATALINA_BASE:         /Users/theophiluskwek/Documents/myWebProject/tomcat
19-Mar-2019 00:13:44.311 INFO [main] org.apache.catalina.startup.VersionLoggerListener.log CATALINA_HOME:         /Users/theophiluskwek/Documents/myWebProject/tomcat
19-Mar-2019 00:13:44.313 INFO [main] org.apache.catalina.startup.VersionLoggerListener.log Command line argument: --add-opens=java.base/java.lang=ALL-UNNAMED
19-Mar-2019 00:13:44.313 INFO [main] org.apache.catalina.startup.VersionLoggerListener.log Command line argument: --add-opens=java.base/java.io=ALL-UNNAMED
19-Mar-2019 00:13:44.314 INFO [main] org.apache.catalina.startup.VersionLoggerListener.log Command line argument: --add-opens=java.rmi/sun.rmi.transport=ALL-UNNAMED
19-Mar-2019 00:13:44.314 INFO [main] org.apache.catalina.startup.VersionLoggerListener.log Command line argument: -Djava.util.logging.config.file=/Users/theophiluskwek/documents/myWebProject/tomcat/conf/logging.properties
19-Mar-2019 00:13:44.314 INFO [main] org.apache.catalina.startup.VersionLoggerListener.log Command line argument: -Djava.util.logging.manager=org.apache.juli.ClassLoaderLogManager
19-Mar-2019 00:13:44.314 INFO [main] org.apache.catalina.startup.VersionLoggerListener.log Command line argument: -Djdk.tls.ephemeralDHKeySize=2048
19-Mar-2019 00:13:44.314 INFO [main] org.apache.catalina.startup.VersionLoggerListener.log Command line argument: -Djava.protocol.handler.pkgs=org.apache.catalina.webresources
19-Mar-2019 00:13:44.314 INFO [main] org.apache.catalina.startup.VersionLoggerListener.log Command line argument: -Dorg.apache.catalina.security.SecurityListener.UMASK=0027
19-Mar-2019 00:13:44.314 INFO [main] org.apache.catalina.startup.VersionLoggerListener.log Command line argument: -Dignore.endorsed.dirs=
19-Mar-2019 00:13:44.315 INFO [main] org.apache.catalina.startup.VersionLoggerListener.log Command line argument: -Dcatalina.base=/Users/theophiluskwek/documents/myWebProject/tomcat
19-Mar-2019 00:13:44.315 INFO [main] org.apache.catalina.startup.VersionLoggerListener.log Command line argument: -Dcatalina.home=/Users/theophiluskwek/documents/myWebProject/tomcat
19-Mar-2019 00:13:44.315 INFO [main] org.apache.catalina.startup.VersionLoggerListener.log Command line argument: -Djava.io.tmpdir=/Users/theophiluskwek/documents/myWebProject/tomcat/temp
19-Mar-2019 00:13:44.315 INFO [main] org.apache.catalina.core.AprLifecycleListener.lifecycleEvent The APR based Apache Tomcat Native library which allows optimal performance in production environments was not found on the java.library.path: [/Users/theophiluskwek/Library/Java/Extensions:/Library/Java/Extensions:/Network/Library/Java/Extensions:/System/Library/Java/Extensions:/usr/lib/java:.]
19-Mar-2019 00:13:44.370 INFO [main] org.apache.coyote.AbstractProtocol.init Initializing ProtocolHandler ["http-nio-9999"]
19-Mar-2019 00:13:44.433 INFO [main] org.apache.coyote.AbstractProtocol.init Initializing ProtocolHandler ["ajp-nio-8009"]
19-Mar-2019 00:13:44.446 INFO [main] org.apache.catalina.startup.Catalina.load Server initialization in [709] milliseconds
19-Mar-2019 00:13:44.519 INFO [main] org.apache.catalina.core.StandardService.startInternal Starting service [Catalina]
19-Mar-2019 00:13:44.519 INFO [main] org.apache.catalina.core.StandardEngine.startInternal Starting Servlet engine: [Apache Tomcat/9.0.16]
19-Mar-2019 00:13:44.528 INFO [main] org.apache.catalina.startup.HostConfig.deployDirectory Deploying web application directory [/Users/theophiluskwek/Documents/myWebProject/tomcat/webapps/ebookshop]
19-Mar-2019 00:13:45.153 INFO [main] org.apache.jasper.servlet.TldScanner.scanJars At least one JAR was scanned for TLDs yet contained no TLDs. Enable debug logging for this logger for a complete list of JARs that were scanned but no TLDs were found in them. Skipping unneeded JARs during scanning can improve startup time and JSP compilation time.
19-Mar-2019 00:13:45.208 INFO [main] org.apache.catalina.startup.HostConfig.deployDirectory Deployment of web application directory [/Users/theophiluskwek/Documents/myWebProject/tomcat/webapps/ebookshop] has finished in [680] ms
19-Mar-2019 00:13:45.209 INFO [main] org.apache.catalina.startup.HostConfig.deployDirectory Deploying web application directory [/Users/theophiluskwek/Documents/myWebProject/tomcat/webapps/docs]
19-Mar-2019 00:13:45.394 INFO [main] org.apache.jasper.servlet.TldScanner.scanJars At least one JAR was scanned for TLDs yet contained no TLDs. Enable debug logging for this logger for a complete list of JARs that were scanned but no TLDs were found in them. Skipping unneeded JARs during scanning can improve startup time and JSP compilation time.
19-Mar-2019 00:13:45.397 INFO [main] org.apache.catalina.startup.HostConfig.deployDirectory Deployment of web application directory [/Users/theophiluskwek/Documents/myWebProject/tomcat/webapps/docs] has finished in [188] ms
19-Mar-2019 00:13:45.397 INFO [main] org.apache.catalina.startup.HostConfig.deployDirectory Deploying web application directory [/Users/theophiluskwek/Documents/myWebProject/tomcat/webapps/manager]
19-Mar-2019 00:13:45.669 INFO [main] org.apache.jasper.servlet.TldScanner.scanJars At least one JAR was scanned for TLDs yet contained no TLDs. Enable debug logging for this logger for a complete list of JARs that were scanned but no TLDs were found in them. Skipping unneeded JARs during scanning can improve startup time and JSP compilation time.
19-Mar-2019 00:13:45.676 INFO [main] org.apache.catalina.startup.HostConfig.deployDirectory Deployment of web application directory [/Users/theophiluskwek/Documents/myWebProject/tomcat/webapps/manager] has finished in [278] ms
19-Mar-2019 00:13:45.676 INFO [main] org.apache.catalina.startup.HostConfig.deployDirectory Deploying web application directory [/Users/theophiluskwek/Documents/myWebProject/tomcat/webapps/examples]
19-Mar-2019 00:13:46.115 INFO [main] org.apache.jasper.servlet.TldScanner.scanJars At least one JAR was scanned for TLDs yet contained no TLDs. Enable debug logging for this logger for a complete list of JARs that were scanned but no TLDs were found in them. Skipping unneeded JARs during scanning can improve startup time and JSP compilation time.
19-Mar-2019 00:13:46.136 INFO [main] org.apache.catalina.startup.HostConfig.deployDirectory Deployment of web application directory [/Users/theophiluskwek/Documents/myWebProject/tomcat/webapps/examples] has finished in [459] ms
19-Mar-2019 00:13:46.137 INFO [main] org.apache.catalina.startup.HostConfig.deployDirectory Deploying web application directory [/Users/theophiluskwek/Documents/myWebProject/tomcat/webapps/ROOT]
19-Mar-2019 00:13:46.327 INFO [main] org.apache.jasper.servlet.TldScanner.scanJars At least one JAR was scanned for TLDs yet contained no TLDs. Enable debug logging for this logger for a complete list of JARs that were scanned but no TLDs were found in them. Skipping unneeded JARs during scanning can improve startup time and JSP compilation time.
19-Mar-2019 00:13:46.329 INFO [main] org.apache.catalina.startup.HostConfig.deployDirectory Deployment of web application directory [/Users/theophiluskwek/Documents/myWebProject/tomcat/webapps/ROOT] has finished in [193] ms
19-Mar-2019 00:13:46.330 INFO [main] org.apache.catalina.startup.HostConfig.deployDirectory Deploying web application directory [/Users/theophiluskwek/Documents/myWebProject/tomcat/webapps/hello]
19-Mar-2019 00:13:46.533 INFO [main] org.apache.jasper.servlet.TldScanner.scanJars At least one JAR was scanned for TLDs yet contained no TLDs. Enable debug logging for this logger for a complete list of JARs that were scanned but no TLDs were found in them. Skipping unneeded JARs during scanning can improve startup time and JSP compilation time.
19-Mar-2019 00:13:46.544 INFO [main] org.apache.catalina.startup.HostConfig.deployDirectory Deployment of web application directory [/Users/theophiluskwek/Documents/myWebProject/tomcat/webapps/hello] has finished in [213] ms
19-Mar-2019 00:13:46.544 INFO [main] org.apache.catalina.startup.HostConfig.deployDirectory Deploying web application directory [/Users/theophiluskwek/Documents/myWebProject/tomcat/webapps/host-manager]
19-Mar-2019 00:13:46.729 INFO [main] org.apache.jasper.servlet.TldScanner.scanJars At least one JAR was scanned for TLDs yet contained no TLDs. Enable debug logging for this logger for a complete list of JARs that were scanned but no TLDs were found in them. Skipping unneeded JARs during scanning can improve startup time and JSP compilation time.
19-Mar-2019 00:13:46.732 INFO [main] org.apache.catalina.startup.HostConfig.deployDirectory Deployment of web application directory [/Users/theophiluskwek/Documents/myWebProject/tomcat/webapps/host-manager] has finished in [188] ms
19-Mar-2019 00:13:46.737 INFO [main] org.apache.coyote.AbstractProtocol.start Starting ProtocolHandler ["http-nio-9999"]
19-Mar-2019 00:13:46.746 INFO [main] org.apache.coyote.AbstractProtocol.start Starting ProtocolHandler ["ajp-nio-8009"]
19-Mar-2019 00:13:46.752 INFO [main] org.apache.catalina.startup.Catalina.start Server startup in [2,305] milliseconds
19-Mar-2019 00:16:18.554 INFO [Thread-4] org.apache.coyote.AbstractProtocol.pause Pausing ProtocolHandler ["http-nio-9999"]
19-Mar-2019 00:16:18.563 INFO [Thread-4] org.apache.coyote.AbstractProtocol.pause Pausing ProtocolHandler ["ajp-nio-8009"]
19-Mar-2019 00:16:18.570 INFO [Thread-4] org.apache.catalina.core.StandardService.stopInternal Stopping service [Catalina]
19-Mar-2019 00:16:18.641 INFO [Thread-4] org.apache.coyote.AbstractProtocol.stop Stopping ProtocolHandler ["http-nio-9999"]
19-Mar-2019 00:16:18.644 INFO [Thread-4] org.apache.coyote.AbstractProtocol.stop Stopping ProtocolHandler ["ajp-nio-8009"]
19-Mar-2019 00:16:18.647 INFO [Thread-4] org.apache.coyote.AbstractProtocol.destroy Destroying ProtocolHandler ["http-nio-9999"]
19-Mar-2019 00:16:18.648 INFO [Thread-4] org.apache.coyote.AbstractProtocol.destroy Destroying ProtocolHandler ["ajp-nio-8009"]
