04-Mar-2019 16:15:42.940 INFO [main] org.apache.catalina.core.ApplicationContext.log ContextListener: contextInitialized()
04-Mar-2019 16:15:42.941 INFO [main] org.apache.catalina.core.ApplicationContext.log SessionListener: contextInitialized()
04-Mar-2019 16:15:42.942 INFO [main] org.apache.catalina.core.ApplicationContext.log ContextListener: attributeAdded('StockTicker', 'async.Stockticker@6f6a7463')
04-Mar-2019 16:26:16.300 INFO [http-nio-9999-exec-7] org.apache.catalina.core.ApplicationContext.log ContextListener: attributeAdded('org.apache.jasper.runtime.JspApplicationContextImpl', 'org.apache.jasper.runtime.JspApplicationContextImpl@1a72b41')
04-Mar-2019 16:26:16.312 INFO [http-nio-9999-exec-7] org.apache.catalina.core.ApplicationContext.log ContextListener: attributeAdded('org.apache.jasper.compiler.ELInterpreter', 'org.apache.jasper.compiler.ELInterpreterFactory$DefaultELInterpreter@55d4906')
04-Mar-2019 16:26:16.391 INFO [http-nio-9999-exec-7] org.apache.catalina.core.ApplicationContext.log SessionListener: sessionCreated('ED5A480AA03FEC62BCAAC11317DF56D5')
04-Mar-2019 17:04:13.084 INFO [Catalina-utility-1] org.apache.catalina.core.ApplicationContext.log SessionListener: sessionDestroyed('ED5A480AA03FEC62BCAAC11317DF56D5')
04-Mar-2019 17:34:35.097 INFO [http-nio-9999-exec-2] org.apache.catalina.core.ApplicationContext.log SessionListener: sessionCreated('BFF7976557AC4876D5918AB5D8E80F66')
04-Mar-2019 17:42:28.384 INFO [Thread-4] org.apache.catalina.core.ApplicationContext.log SessionListener: contextDestroyed()
04-Mar-2019 17:42:28.384 INFO [Thread-4] org.apache.catalina.core.ApplicationContext.log ContextListener: contextDestroyed()
04-Mar-2019 18:10:40.562 INFO [main] org.apache.catalina.core.ApplicationContext.log ContextListener: contextInitialized()
04-Mar-2019 18:10:40.563 INFO [main] org.apache.catalina.core.ApplicationContext.log SessionListener: contextInitialized()
04-Mar-2019 18:10:40.564 INFO [main] org.apache.catalina.core.ApplicationContext.log ContextListener: attributeAdded('StockTicker', 'async.Stockticker@79f227a9')
04-Mar-2019 18:11:40.734 INFO [Catalina-utility-2] org.apache.catalina.core.ApplicationContext.log SessionListener: sessionDestroyed('BFF7976557AC4876D5918AB5D8E80F66')
04-Mar-2019 18:46:41.710 INFO [Thread-4] org.apache.catalina.core.ApplicationContext.log SessionListener: contextDestroyed()
04-Mar-2019 18:46:41.711 INFO [Thread-4] org.apache.catalina.core.ApplicationContext.log ContextListener: contextDestroyed()
04-Mar-2019 19:01:55.523 INFO [main] org.apache.catalina.core.ApplicationContext.log ContextListener: contextInitialized()
04-Mar-2019 19:01:55.524 INFO [main] org.apache.catalina.core.ApplicationContext.log SessionListener: contextInitialized()
04-Mar-2019 19:01:55.525 INFO [main] org.apache.catalina.core.ApplicationContext.log ContextListener: attributeAdded('StockTicker', 'async.Stockticker@42deb43a')
04-Mar-2019 20:02:48.117 INFO [Thread-4] org.apache.catalina.core.ApplicationContext.log SessionListener: contextDestroyed()
04-Mar-2019 20:02:48.117 INFO [Thread-4] org.apache.catalina.core.ApplicationContext.log ContextListener: contextDestroyed()
04-Mar-2019 20:08:49.889 INFO [main] org.apache.catalina.core.ApplicationContext.log ContextListener: contextInitialized()
04-Mar-2019 20:08:49.889 INFO [main] org.apache.catalina.core.ApplicationContext.log SessionListener: contextInitialized()
04-Mar-2019 20:08:49.891 INFO [main] org.apache.catalina.core.ApplicationContext.log ContextListener: attributeAdded('StockTicker', 'async.Stockticker@78b7f805')
04-Mar-2019 20:18:36.768 INFO [Thread-4] org.apache.catalina.core.ApplicationContext.log SessionListener: contextDestroyed()
04-Mar-2019 20:18:36.768 INFO [Thread-4] org.apache.catalina.core.ApplicationContext.log ContextListener: contextDestroyed()
04-Mar-2019 20:23:59.142 INFO [main] org.apache.catalina.core.ApplicationContext.log ContextListener: contextInitialized()
04-Mar-2019 20:23:59.142 INFO [main] org.apache.catalina.core.ApplicationContext.log SessionListener: contextInitialized()
04-Mar-2019 20:23:59.144 INFO [main] org.apache.catalina.core.ApplicationContext.log ContextListener: attributeAdded('StockTicker', 'async.Stockticker@590765c4')
04-Mar-2019 22:31:26.093 INFO [Thread-4] org.apache.catalina.core.ApplicationContext.log SessionListener: contextDestroyed()
04-Mar-2019 22:31:26.094 INFO [Thread-4] org.apache.catalina.core.ApplicationContext.log ContextListener: contextDestroyed()
